<?xml version="1.0" encoding="UTF-8"?>
<!-- Generated by org.testng.reporters.JUnitXMLReporter -->
<testsuite ignored="1" hostname="ip-172-31-24-137.ap-southeast-2.compute.internal" failures="0" tests="3" name="Surefire test" time="3.663" errors="0" timestamp="21 Sep 2023 07:03:25 GMT">
  <testcase classname="riyaz.MySampleYamlTest" name="testEntity" time="0.858"/>
  <testcase classname="riyaz.MySampleYamlTest" name="testUsingTestFramework" time="0.742"/>
  <testcase classname="riyaz.MySampleTest" name="testEntity" time="0.088"/>
  <testcase classname="riyaz.MySampleYamlTest" name="testViaCatalog" time="0.0">
    <ignored/>
  </testcase> <!-- testViaCatalog -->
</testsuite> <!-- Surefire test -->
